[0m12:57:39.429657 [debug] [MainThread]: Sending event: {'category': 'dbt', 'action': 'invocation', 'label': 'start', 'context': [<snowplow_tracker.self_describing_json.SelfDescribingJson object at 0x000001B45779B520>, <snowplow_tracker.self_describing_json.SelfDescribingJson object at 0x000001B459FBA2C0>, <snowplow_tracker.self_describing_json.SelfDescribingJson object at 0x000001B459FBA0B0>]}


============================== 12:57:39.434655 | 3bf091da-a7e2-446a-a436-6a2f794e1c25 ==============================
[0m12:57:39.434655 [info ] [MainThread]: Running with dbt=1.7.11
[0m12:57:39.434655 [debug] [MainThread]: running dbt with arguments {'printer_width': '80', 'indirect_selection': 'eager', 'write_json': 'True', 'log_cache_events': 'False', 'partial_parse': 'True', 'cache_selected_only': 'False', 'profiles_dir': 'C:\\Users\\bensa\\.dbt', 'debug': 'False', 'fail_fast': 'False', 'log_path': 'logs', 'warn_error': 'None', 'version_check': 'True', 'use_colors': 'True', 'use_experimental_parser': 'False', 'no_print': 'None', 'quiet': 'False', 'log_format': 'default', 'static_parser': 'True', 'introspect': 'True', 'invocation_command': 'dbt debug', 'target_path': 'None', 'warn_error_options': 'WarnErrorOptions(include=[], exclude=[])', 'send_anonymous_usage_stats': 'True'}
[0m12:57:39.437165 [info ] [MainThread]: dbt version: 1.7.11
[0m12:57:39.438167 [info ] [MainThread]: python version: 3.10.7
[0m12:57:39.438167 [info ] [MainThread]: python path: C:\Users\bensa\Desktop\dbtcourse\venv\Scripts\python.exe
[0m12:57:39.439169 [info ] [MainThread]: os info: Windows-10-10.0.22631-SP0
[0m12:57:39.439169 [info ] [MainThread]: Using profiles dir at C:\Users\bensa\.dbt
[0m12:57:39.440169 [info ] [MainThread]: Using profiles.yml file at C:\Users\bensa\.dbt\profiles.yml
[0m12:57:39.440169 [info ] [MainThread]: Using dbt_project.yml file at C:\Users\bensa\Desktop\dbtcourse\dbt_project.yml
[0m12:57:39.440169 [info ] [MainThread]: Configuration:
[0m12:57:39.441166 [info ] [MainThread]:   profiles.yml file [[31mERROR not found[0m]
[0m12:57:39.441166 [info ] [MainThread]:   dbt_project.yml file [[31mERROR not found[0m]
[0m12:57:39.442166 [info ] [MainThread]: Required dependencies:
[0m12:57:39.442735 [debug] [MainThread]: Executing "git --help"
[0m12:57:39.499188 [debug] [MainThread]: STDOUT: "b"usage: git [-v | --version] [-h | --help] [-C <path>] [-c <name>=<value>]\n           [--exec-path[=<path>]] [--html-path] [--man-path] [--info-path]\n           [-p | --paginate | -P | --no-pager] [--no-replace-objects] [--bare]\n           [--git-dir=<path>] [--work-tree=<path>] [--namespace=<name>]\n           [--config-env=<name>=<envvar>] <command> [<args>]\n\nThese are common Git commands used in various situations:\n\nstart a working area (see also: git help tutorial)\n   clone     Clone a repository into a new directory\n   init      Create an empty Git repository or reinitialize an existing one\n\nwork on the current change (see also: git help everyday)\n   add       Add file contents to the index\n   mv        Move or rename a file, a directory, or a symlink\n   restore   Restore working tree files\n   rm        Remove files from the working tree and from the index\n\nexamine the history and state (see also: git help revisions)\n   bisect    Use binary search to find the commit that introduced a bug\n   diff      Show changes between commits, commit and working tree, etc\n   grep      Print lines matching a pattern\n   log       Show commit logs\n   show      Show various types of objects\n   status    Show the working tree status\n\ngrow, mark and tweak your common history\n   branch    List, create, or delete branches\n   commit    Record changes to the repository\n   merge     Join two or more development histories together\n   rebase    Reapply commits on top of another base tip\n   reset     Reset current HEAD to the specified state\n   switch    Switch branches\n   tag       Create, list, delete or verify a tag object signed with GPG\n\ncollaborate (see also: git help workflows)\n   fetch     Download objects and refs from another repository\n   pull      Fetch from and integrate with another repository or a local branch\n   push      Update remote refs along with associated objects\n\n'git help -a' and 'git help -g' list available subcommands and some\nconcept guides. See 'git help <command>' or 'git help <concept>'\nto read about a specific subcommand or concept.\nSee 'git help git' for an overview of the system.\n""
[0m12:57:39.500187 [debug] [MainThread]: STDERR: "b''"
[0m12:57:39.500187 [info ] [MainThread]:  - git [[32mOK found[0m]

[0m12:57:39.501188 [info ] [MainThread]: Connection test skipped since no profile was found
[0m12:57:39.501188 [info ] [MainThread]: [31m2 checks failed:[0m
[0m12:57:39.502390 [info ] [MainThread]: dbt looked for a profiles.yml file in C:\Users\bensa\.dbt\profiles.yml, but did
not find one. For more information on configuring your profile, consult the
documentation:

https://docs.getdbt.com/docs/configure-your-profile


[0m12:57:39.502896 [info ] [MainThread]: Project loading failed for the following reason:
 project path <C:\Users\bensa\Desktop\dbtcourse\dbt_project.yml> not found

[0m12:57:39.503930 [debug] [MainThread]: Command `dbt debug` failed at 12:57:39.502896 after 0.10 seconds
[0m12:57:39.503930 [debug] [MainThread]: Sending event: {'category': 'dbt', 'action': 'invocation', 'label': 'end', 'context': [<snowplow_tracker.self_describing_json.SelfDescribingJson object at 0x000001B45779B520>, <snowplow_tracker.self_describing_json.SelfDescribingJson object at 0x000001B459FBAB30>, <snowplow_tracker.self_describing_json.SelfDescribingJson object at 0x000001B459FB9FF0>]}
[0m12:57:39.504902 [debug] [MainThread]: Flushing usage events
[0m13:46:53.839391 [debug] [MainThread]: Sending event: {'category': 'dbt', 'action': 'invocation', 'label': 'start', 'context': [<snowplow_tracker.self_describing_json.SelfDescribingJson object at 0x000001A9817FB520>, <snowplow_tracker.self_describing_json.SelfDescribingJson object at 0x000001A983FEA290>, <snowplow_tracker.self_describing_json.SelfDescribingJson object at 0x000001A983FEA020>]}


============================== 13:46:53.844391 | 5479c1e3-dce1-4547-b41e-1399f1edaa4f ==============================
[0m13:46:53.844391 [info ] [MainThread]: Running with dbt=1.7.11
[0m13:46:53.844391 [debug] [MainThread]: running dbt with arguments {'printer_width': '80', 'indirect_selection': 'eager', 'log_cache_events': 'False', 'write_json': 'True', 'partial_parse': 'True', 'cache_selected_only': 'False', 'profiles_dir': 'C:\\Users\\bensa\\.dbt', 'debug': 'False', 'warn_error': 'None', 'log_path': 'logs', 'fail_fast': 'False', 'version_check': 'True', 'use_colors': 'True', 'use_experimental_parser': 'False', 'no_print': 'None', 'quiet': 'False', 'log_format': 'default', 'static_parser': 'True', 'introspect': 'True', 'warn_error_options': 'WarnErrorOptions(include=[], exclude=[])', 'target_path': 'None', 'invocation_command': 'dbt init dbtlearn', 'send_anonymous_usage_stats': 'True'}
[0m13:46:53.845896 [debug] [MainThread]: Starter project path: C:\Users\bensa\Desktop\dbtcourse\venv\lib\site-packages\dbt\include\starter_project
[0m13:46:53.891419 [info ] [MainThread]: 
Your new dbt project "dbtlearn" was created!

For more information on how to configure the profiles.yml file,
please consult the dbt documentation here:

  https://docs.getdbt.com/docs/configure-your-profile

One more thing:

Need help? Don't hesitate to reach out to us via GitHub issues or on Slack:

  https://community.getdbt.com/

Happy modeling!

[0m13:46:53.892420 [info ] [MainThread]: Setting up your profile.
[0m13:48:47.755540 [error] [MainThread]: Encountered an error:

[0m13:48:47.811281 [error] [MainThread]: Traceback (most recent call last):
  File "C:\Users\bensa\Desktop\dbtcourse\venv\lib\site-packages\dbt\cli\requires.py", line 91, in wrapper
    result, success = func(*args, **kwargs)
  File "C:\Users\bensa\Desktop\dbtcourse\venv\lib\site-packages\dbt\cli\requires.py", line 76, in wrapper
    return func(*args, **kwargs)
  File "C:\Users\bensa\Desktop\dbtcourse\venv\lib\site-packages\dbt\cli\main.py", line 515, in init
    results = task.run()
  File "C:\Users\bensa\Desktop\dbtcourse\venv\lib\site-packages\dbt\task\init.py", line 344, in run
    self.setup_profile(profile_name)
  File "C:\Users\bensa\Desktop\dbtcourse\venv\lib\site-packages\dbt\task\init.py", line 264, in setup_profile
    self.create_profile_from_target(adapter, profile_name=profile_name)
  File "C:\Users\bensa\Desktop\dbtcourse\venv\lib\site-packages\dbt\task\init.py", line 181, in create_profile_from_target
    self.create_profile_from_profile_template(profile_template, profile_name)
  File "C:\Users\bensa\Desktop\dbtcourse\venv\lib\site-packages\dbt\task\init.py", line 165, in create_profile_from_profile_template
    target = self.generate_target_from_input(prompts, initial_target)
  File "C:\Users\bensa\Desktop\dbtcourse\venv\lib\site-packages\dbt\task\init.py", line 131, in generate_target_from_input
    target[key] = click.prompt(
  File "C:\Users\bensa\Desktop\dbtcourse\venv\lib\site-packages\click\termui.py", line 164, in prompt
    value = prompt_func(prompt)
  File "C:\Users\bensa\Desktop\dbtcourse\venv\lib\site-packages\click\termui.py", line 147, in prompt_func
    raise Abort() from None
click.exceptions.Abort

[0m13:48:47.813280 [debug] [MainThread]: Command `dbt init` failed at 13:48:47.813280 after 114.00 seconds
[0m13:48:47.814361 [debug] [MainThread]: Sending event: {'category': 'dbt', 'action': 'invocation', 'label': 'end', 'context': [<snowplow_tracker.self_describing_json.SelfDescribingJson object at 0x000001A9817FB520>, <snowplow_tracker.self_describing_json.SelfDescribingJson object at 0x000001A98488AD40>, <snowplow_tracker.self_describing_json.SelfDescribingJson object at 0x000001A9848893C0>]}
[0m13:48:47.815356 [debug] [MainThread]: Flushing usage events
[0m13:48:53.527177 [debug] [MainThread]: Sending event: {'category': 'dbt', 'action': 'invocation', 'label': 'start', 'context': [<snowplow_tracker.self_describing_json.SelfDescribingJson object at 0x000001A3BEB19B70>, <snowplow_tracker.self_describing_json.SelfDescribingJson object at 0x000001A3C133A2F0>, <snowplow_tracker.self_describing_json.SelfDescribingJson object at 0x000001A3C133A080>]}


============================== 13:48:53.532254 | e083ace5-e3c7-412b-a9c9-b69cc2573db0 ==============================
[0m13:48:53.532254 [info ] [MainThread]: Running with dbt=1.7.11
[0m13:48:53.533254 [debug] [MainThread]: running dbt with arguments {'printer_width': '80', 'indirect_selection': 'eager', 'write_json': 'True', 'log_cache_events': 'False', 'partial_parse': 'True', 'cache_selected_only': 'False', 'warn_error': 'None', 'debug': 'False', 'fail_fast': 'False', 'log_path': 'logs', 'version_check': 'True', 'profiles_dir': 'C:\\Users\\bensa\\.dbt', 'use_colors': 'True', 'use_experimental_parser': 'False', 'no_print': 'None', 'quiet': 'False', 'warn_error_options': 'WarnErrorOptions(include=[], exclude=[])', 'invocation_command': 'dbt init dbtlearn', 'introspect': 'True', 'log_format': 'default', 'target_path': 'None', 'static_parser': 'True', 'send_anonymous_usage_stats': 'True'}
[0m13:48:53.534265 [info ] [MainThread]: A project called dbtlearn already exists here.
[0m13:48:53.535262 [debug] [MainThread]: Command `dbt init` succeeded at 13:48:53.535262 after 0.04 seconds
[0m13:48:53.536255 [debug] [MainThread]: Sending event: {'category': 'dbt', 'action': 'invocation', 'label': 'end', 'context': [<snowplow_tracker.self_describing_json.SelfDescribingJson object at 0x000001A3BEB19B70>, <snowplow_tracker.self_describing_json.SelfDescribingJson object at 0x000001A3BABD0E20>, <snowplow_tracker.self_describing_json.SelfDescribingJson object at 0x000001A3C133A0B0>]}
[0m13:48:53.536255 [debug] [MainThread]: Flushing usage events
[0m13:49:16.849508 [debug] [MainThread]: Sending event: {'category': 'dbt', 'action': 'invocation', 'label': 'start', 'context': [<snowplow_tracker.self_describing_json.SelfDescribingJson object at 0x000002997E97B520>, <snowplow_tracker.self_describing_json.SelfDescribingJson object at 0x000002990119A290>, <snowplow_tracker.self_describing_json.SelfDescribingJson object at 0x000002990119A020>]}


============================== 13:49:16.853986 | 093ee6e2-b4a0-4e3a-ae90-79940be7562f ==============================
[0m13:49:16.853986 [info ] [MainThread]: Running with dbt=1.7.11
[0m13:49:16.855015 [debug] [MainThread]: running dbt with arguments {'printer_width': '80', 'indirect_selection': 'eager', 'write_json': 'True', 'log_cache_events': 'False', 'partial_parse': 'True', 'cache_selected_only': 'False', 'warn_error': 'None', 'version_check': 'True', 'debug': 'False', 'log_path': 'logs', 'profiles_dir': 'C:\\Users\\bensa\\.dbt', 'fail_fast': 'False', 'use_colors': 'True', 'use_experimental_parser': 'False', 'no_print': 'None', 'quiet': 'False', 'log_format': 'default', 'introspect': 'True', 'invocation_command': 'dbt init dbtlearn_2', 'warn_error_options': 'WarnErrorOptions(include=[], exclude=[])', 'target_path': 'None', 'static_parser': 'True', 'send_anonymous_usage_stats': 'True'}
[0m13:49:16.856952 [debug] [MainThread]: Starter project path: C:\Users\bensa\Desktop\dbtcourse\venv\lib\site-packages\dbt\include\starter_project
[0m13:49:16.869943 [info ] [MainThread]: 
Your new dbt project "dbtlearn_2" was created!

For more information on how to configure the profiles.yml file,
please consult the dbt documentation here:

  https://docs.getdbt.com/docs/configure-your-profile

One more thing:

Need help? Don't hesitate to reach out to us via GitHub issues or on Slack:

  https://community.getdbt.com/

Happy modeling!

[0m13:49:16.870948 [info ] [MainThread]: Setting up your profile.
[0m13:52:12.328312 [error] [MainThread]: Encountered an error:

[0m13:52:12.330029 [error] [MainThread]: Traceback (most recent call last):
  File "C:\Users\bensa\Desktop\dbtcourse\venv\lib\site-packages\dbt\cli\requires.py", line 91, in wrapper
    result, success = func(*args, **kwargs)
  File "C:\Users\bensa\Desktop\dbtcourse\venv\lib\site-packages\dbt\cli\requires.py", line 76, in wrapper
    return func(*args, **kwargs)
  File "C:\Users\bensa\Desktop\dbtcourse\venv\lib\site-packages\dbt\cli\main.py", line 515, in init
    results = task.run()
  File "C:\Users\bensa\Desktop\dbtcourse\venv\lib\site-packages\dbt\task\init.py", line 344, in run
    self.setup_profile(profile_name)
  File "C:\Users\bensa\Desktop\dbtcourse\venv\lib\site-packages\dbt\task\init.py", line 264, in setup_profile
    self.create_profile_from_target(adapter, profile_name=profile_name)
  File "C:\Users\bensa\Desktop\dbtcourse\venv\lib\site-packages\dbt\task\init.py", line 181, in create_profile_from_target
    self.create_profile_from_profile_template(profile_template, profile_name)
  File "C:\Users\bensa\Desktop\dbtcourse\venv\lib\site-packages\dbt\task\init.py", line 165, in create_profile_from_profile_template
    target = self.generate_target_from_input(prompts, initial_target)
  File "C:\Users\bensa\Desktop\dbtcourse\venv\lib\site-packages\dbt\task\init.py", line 131, in generate_target_from_input
    target[key] = click.prompt(
  File "C:\Users\bensa\Desktop\dbtcourse\venv\lib\site-packages\click\termui.py", line 164, in prompt
    value = prompt_func(prompt)
  File "C:\Users\bensa\Desktop\dbtcourse\venv\lib\site-packages\click\termui.py", line 147, in prompt_func
    raise Abort() from None
click.exceptions.Abort

[0m13:52:12.332016 [debug] [MainThread]: Command `dbt init` failed at 13:52:12.330999 after 175.50 seconds
[0m13:52:12.332016 [debug] [MainThread]: Sending event: {'category': 'dbt', 'action': 'invocation', 'label': 'end', 'context': [<snowplow_tracker.self_describing_json.SelfDescribingJson object at 0x000002997E97B520>, <snowplow_tracker.self_describing_json.SelfDescribingJson object at 0x0000029901B8AD40>, <snowplow_tracker.self_describing_json.SelfDescribingJson object at 0x0000029901B893F0>]}
[0m13:52:12.333019 [debug] [MainThread]: Flushing usage events
[0m13:52:21.749671 [debug] [MainThread]: Sending event: {'category': 'dbt', 'action': 'invocation', 'label': 'start', 'context': [<snowplow_tracker.self_describing_json.SelfDescribingJson object at 0x000001AA9EB040A0>, <snowplow_tracker.self_describing_json.SelfDescribingJson object at 0x000001AAA131A170>, <snowplow_tracker.self_describing_json.SelfDescribingJson object at 0x000001AAA1319EA0>]}


============================== 13:52:21.753702 | f83811b7-563f-424c-a3ee-fcbf9088ea17 ==============================
[0m13:52:21.753702 [info ] [MainThread]: Running with dbt=1.7.11
[0m13:52:21.754688 [debug] [MainThread]: running dbt with arguments {'printer_width': '80', 'indirect_selection': 'eager', 'log_cache_events': 'False', 'write_json': 'True', 'partial_parse': 'True', 'cache_selected_only': 'False', 'warn_error': 'None', 'version_check': 'True', 'fail_fast': 'False', 'log_path': 'logs', 'profiles_dir': 'C:\\Users\\bensa\\.dbt', 'debug': 'False', 'use_colors': 'True', 'use_experimental_parser': 'False', 'no_print': 'None', 'quiet': 'False', 'log_format': 'default', 'introspect': 'True', 'warn_error_options': 'WarnErrorOptions(include=[], exclude=[])', 'static_parser': 'True', 'target_path': 'None', 'invocation_command': 'dbt list', 'send_anonymous_usage_stats': 'True'}
[0m13:52:21.755672 [error] [MainThread]: Encountered an error:
Runtime Error
  No dbt_project.yml found at expected path C:\Users\bensa\Desktop\dbtcourse\dbt_project.yml
  Verify that each entry within packages.yml (and their transitive dependencies) contains a file named dbt_project.yml
  
[0m13:52:21.756691 [debug] [MainThread]: Command `dbt list` failed at 13:52:21.756691 after 0.03 seconds
[0m13:52:21.756691 [debug] [MainThread]: Sending event: {'category': 'dbt', 'action': 'invocation', 'label': 'end', 'context': [<snowplow_tracker.self_describing_json.SelfDescribingJson object at 0x000001AA9EB040A0>, <snowplow_tracker.self_describing_json.SelfDescribingJson object at 0x000001AAA1319EA0>, <snowplow_tracker.self_describing_json.SelfDescribingJson object at 0x000001AAA131A560>]}
[0m13:52:21.757682 [debug] [MainThread]: Flushing usage events
[0m13:53:28.167794 [debug] [MainThread]: Sending event: {'category': 'dbt', 'action': 'invocation', 'label': 'start', 'context': [<snowplow_tracker.self_describing_json.SelfDescribingJson object at 0x0000020FD08DAE60>, <snowplow_tracker.self_describing_json.SelfDescribingJson object at 0x0000020FD30FA260>, <snowplow_tracker.self_describing_json.SelfDescribingJson object at 0x0000020FD30F9FF0>]}


============================== 13:53:28.173793 | 3e85ae81-3163-4ece-b141-90c4c7b2cec4 ==============================
[0m13:53:28.173793 [info ] [MainThread]: Running with dbt=1.7.11
[0m13:53:28.173793 [debug] [MainThread]: running dbt with arguments {'printer_width': '80', 'indirect_selection': 'eager', 'log_cache_events': 'False', 'write_json': 'True', 'partial_parse': 'True', 'cache_selected_only': 'False', 'warn_error': 'None', 'debug': 'False', 'profiles_dir': 'C:\\Users\\bensa\\.dbt', 'log_path': 'logs', 'fail_fast': 'False', 'version_check': 'True', 'use_colors': 'True', 'use_experimental_parser': 'False', 'no_print': 'None', 'quiet': 'False', 'warn_error_options': 'WarnErrorOptions(include=[], exclude=[])', 'static_parser': 'True', 'invocation_command': 'dbt clean', 'log_format': 'default', 'target_path': 'None', 'introspect': 'True', 'send_anonymous_usage_stats': 'True'}
[0m13:53:28.174793 [error] [MainThread]: Encountered an error:
Runtime Error
  No dbt_project.yml found at expected path C:\Users\bensa\Desktop\dbtcourse\dbt_project.yml
  Verify that each entry within packages.yml (and their transitive dependencies) contains a file named dbt_project.yml
  
[0m13:53:28.175797 [debug] [MainThread]: Command `dbt clean` failed at 13:53:28.175797 after 0.03 seconds
[0m13:53:28.176817 [debug] [MainThread]: Sending event: {'category': 'dbt', 'action': 'invocation', 'label': 'end', 'context': [<snowplow_tracker.self_describing_json.SelfDescribingJson object at 0x0000020FD08DAE60>, <snowplow_tracker.self_describing_json.SelfDescribingJson object at 0x0000020FD30FB160>, <snowplow_tracker.self_describing_json.SelfDescribingJson object at 0x0000020FD30FA230>]}
[0m13:53:28.176817 [debug] [MainThread]: Flushing usage events
[0m13:54:59.686498 [debug] [MainThread]: Sending event: {'category': 'dbt', 'action': 'invocation', 'label': 'start', 'context': [<snowplow_tracker.self_describing_json.SelfDescribingJson object at 0x0000015260289C00>, <snowplow_tracker.self_describing_json.SelfDescribingJson object at 0x0000015262AAA2C0>, <snowplow_tracker.self_describing_json.SelfDescribingJson object at 0x0000015262AAA050>]}


============================== 13:54:59.690499 | 195e7597-a703-4f8e-9d5e-de4ea531e58d ==============================
[0m13:54:59.690499 [info ] [MainThread]: Running with dbt=1.7.11
[0m13:54:59.691711 [debug] [MainThread]: running dbt with arguments {'printer_width': '80', 'indirect_selection': 'eager', 'write_json': 'True', 'log_cache_events': 'False', 'partial_parse': 'True', 'cache_selected_only': 'False', 'profiles_dir': 'C:\\Users\\bensa\\.dbt', 'version_check': 'True', 'fail_fast': 'False', 'log_path': 'logs', 'debug': 'False', 'warn_error': 'None', 'use_colors': 'True', 'use_experimental_parser': 'False', 'no_print': 'None', 'quiet': 'False', 'warn_error_options': 'WarnErrorOptions(include=[], exclude=[])', 'introspect': 'True', 'log_format': 'default', 'invocation_command': 'dbt init dbtlearn', 'target_path': 'None', 'static_parser': 'True', 'send_anonymous_usage_stats': 'True'}
[0m13:54:59.692730 [debug] [MainThread]: Starter project path: C:\Users\bensa\Desktop\dbtcourse\venv\lib\site-packages\dbt\include\starter_project
[0m13:54:59.712837 [info ] [MainThread]: 
Your new dbt project "dbtlearn" was created!

For more information on how to configure the profiles.yml file,
please consult the dbt documentation here:

  https://docs.getdbt.com/docs/configure-your-profile

One more thing:

Need help? Don't hesitate to reach out to us via GitHub issues or on Slack:

  https://community.getdbt.com/

Happy modeling!

[0m13:54:59.713846 [info ] [MainThread]: Setting up your profile.
[0m13:56:31.781713 [info ] [MainThread]: Profile dbtlearn written to C:\Users\bensa\.dbt\profiles.yml using target's profile_template.yml and your supplied values. Run 'dbt debug' to validate the connection.
[0m13:56:31.783731 [debug] [MainThread]: Command `dbt init` succeeded at 13:56:31.782714 after 92.12 seconds
[0m13:56:31.783731 [debug] [MainThread]: Sending event: {'category': 'dbt', 'action': 'invocation', 'label': 'end', 'context': [<snowplow_tracker.self_describing_json.SelfDescribingJson object at 0x0000015260289C00>, <snowplow_tracker.self_describing_json.SelfDescribingJson object at 0x000001525C2B0E20>, <snowplow_tracker.self_describing_json.SelfDescribingJson object at 0x0000015262AAA170>]}
[0m13:56:31.783731 [debug] [MainThread]: Flushing usage events
[0m14:43:37.486208 [debug] [MainThread]: Sending event: {'category': 'dbt', 'action': 'invocation', 'label': 'start', 'context': [<snowplow_tracker.self_describing_json.SelfDescribingJson object at 0x0000016FBAC8B400>, <snowplow_tracker.self_describing_json.SelfDescribingJson object at 0x0000016FBD54B730>, <snowplow_tracker.self_describing_json.SelfDescribingJson object at 0x0000016FBD54B550>]}


============================== 14:43:37.490269 | 2b0f2633-aaaa-4f74-9264-069b75cb6221 ==============================
[0m14:43:37.490269 [info ] [MainThread]: Running with dbt=1.7.11
[0m14:43:37.491251 [debug] [MainThread]: running dbt with arguments {'printer_width': '80', 'indirect_selection': 'eager', 'log_cache_events': 'False', 'write_json': 'True', 'partial_parse': 'True', 'cache_selected_only': 'False', 'profiles_dir': 'C:\\Users\\bensa\\.dbt', 'version_check': 'True', 'fail_fast': 'False', 'log_path': 'logs', 'warn_error': 'None', 'debug': 'False', 'use_colors': 'True', 'use_experimental_parser': 'False', 'no_print': 'None', 'quiet': 'False', 'warn_error_options': 'WarnErrorOptions(include=[], exclude=[])', 'introspect': 'True', 'invocation_command': 'dbt debug', 'static_parser': 'True', 'target_path': 'None', 'log_format': 'default', 'send_anonymous_usage_stats': 'True'}
[0m14:43:37.492252 [info ] [MainThread]: dbt version: 1.7.11
[0m14:43:37.493250 [info ] [MainThread]: python version: 3.10.7
[0m14:43:37.493250 [info ] [MainThread]: python path: C:\Users\bensa\Desktop\dbtcourse\venv\Scripts\python.exe
[0m14:43:37.494251 [info ] [MainThread]: os info: Windows-10-10.0.22631-SP0
[0m14:43:37.749257 [info ] [MainThread]: Using profiles dir at C:\Users\bensa\.dbt
[0m14:43:37.750158 [info ] [MainThread]: Using profiles.yml file at C:\Users\bensa\.dbt\profiles.yml
[0m14:43:37.751198 [info ] [MainThread]: Using dbt_project.yml file at C:\Users\bensa\Desktop\dbtcourse\dbt_project.yml
[0m14:43:37.752943 [info ] [MainThread]: adapter type: snowflake
[0m14:43:37.753960 [info ] [MainThread]: adapter version: 1.7.1
[0m14:43:37.754948 [info ] [MainThread]: Configuration:
[0m14:43:37.754948 [info ] [MainThread]:   profiles.yml file [[32mOK found and valid[0m]
[0m14:43:37.756452 [info ] [MainThread]:   dbt_project.yml file [[31mERROR not found[0m]
[0m14:43:37.756452 [info ] [MainThread]: Required dependencies:
[0m14:43:37.757457 [debug] [MainThread]: Executing "git --help"
[0m14:43:37.778174 [debug] [MainThread]: STDOUT: "b"usage: git [-v | --version] [-h | --help] [-C <path>] [-c <name>=<value>]\n           [--exec-path[=<path>]] [--html-path] [--man-path] [--info-path]\n           [-p | --paginate | -P | --no-pager] [--no-replace-objects] [--bare]\n           [--git-dir=<path>] [--work-tree=<path>] [--namespace=<name>]\n           [--config-env=<name>=<envvar>] <command> [<args>]\n\nThese are common Git commands used in various situations:\n\nstart a working area (see also: git help tutorial)\n   clone     Clone a repository into a new directory\n   init      Create an empty Git repository or reinitialize an existing one\n\nwork on the current change (see also: git help everyday)\n   add       Add file contents to the index\n   mv        Move or rename a file, a directory, or a symlink\n   restore   Restore working tree files\n   rm        Remove files from the working tree and from the index\n\nexamine the history and state (see also: git help revisions)\n   bisect    Use binary search to find the commit that introduced a bug\n   diff      Show changes between commits, commit and working tree, etc\n   grep      Print lines matching a pattern\n   log       Show commit logs\n   show      Show various types of objects\n   status    Show the working tree status\n\ngrow, mark and tweak your common history\n   branch    List, create, or delete branches\n   commit    Record changes to the repository\n   merge     Join two or more development histories together\n   rebase    Reapply commits on top of another base tip\n   reset     Reset current HEAD to the specified state\n   switch    Switch branches\n   tag       Create, list, delete or verify a tag object signed with GPG\n\ncollaborate (see also: git help workflows)\n   fetch     Download objects and refs from another repository\n   pull      Fetch from and integrate with another repository or a local branch\n   push      Update remote refs along with associated objects\n\n'git help -a' and 'git help -g' list available subcommands and some\nconcept guides. See 'git help <command>' or 'git help <concept>'\nto read about a specific subcommand or concept.\nSee 'git help git' for an overview of the system.\n""
[0m14:43:37.779174 [debug] [MainThread]: STDERR: "b''"
[0m14:43:37.779656 [info ] [MainThread]:  - git [[32mOK found[0m]

[0m14:43:37.780178 [info ] [MainThread]: Connection:
[0m14:43:37.781179 [info ] [MainThread]:   account: cxjhitm-xc92372
[0m14:43:37.782180 [info ] [MainThread]:   user: dbt
[0m14:43:37.783179 [info ] [MainThread]:   database: AIRBNB
[0m14:43:37.783179 [info ] [MainThread]:   warehouse: COMPUTE_WH
[0m14:43:37.784178 [info ] [MainThread]:   role: transform
[0m14:43:37.784178 [info ] [MainThread]:   schema: DEV
[0m14:43:37.785177 [info ] [MainThread]:   authenticator: None
[0m14:43:37.785177 [info ] [MainThread]:   private_key_path: None
[0m14:43:37.786683 [info ] [MainThread]:   token: None
[0m14:43:37.787195 [info ] [MainThread]:   oauth_client_id: None
[0m14:43:37.788203 [info ] [MainThread]:   query_tag: None
[0m14:43:37.789201 [info ] [MainThread]:   client_session_keep_alive: False
[0m14:43:37.789201 [info ] [MainThread]:   host: None
[0m14:43:37.790204 [info ] [MainThread]:   port: None
[0m14:43:37.790204 [info ] [MainThread]:   proxy_host: None
[0m14:43:37.791205 [info ] [MainThread]:   proxy_port: None
[0m14:43:37.791205 [info ] [MainThread]:   protocol: None
[0m14:43:37.792204 [info ] [MainThread]:   connect_retries: 1
[0m14:43:37.793206 [info ] [MainThread]:   connect_timeout: None
[0m14:43:37.793206 [info ] [MainThread]:   retry_on_database_errors: False
[0m14:43:37.794511 [info ] [MainThread]:   retry_all: False
[0m14:43:37.794511 [info ] [MainThread]:   insecure_mode: False
[0m14:43:37.795515 [info ] [MainThread]:   reuse_connections: None
[0m14:43:37.796516 [info ] [MainThread]: Registered adapter: snowflake=1.7.1
[0m14:43:37.797529 [debug] [MainThread]: Acquiring new snowflake connection 'debug'
[0m14:43:37.798921 [debug] [MainThread]: Using snowflake connection "debug"
[0m14:43:37.798921 [debug] [MainThread]: On debug: select 1 as id
[0m14:43:37.800136 [debug] [MainThread]: Opening a new connection, currently in state init
[0m14:43:39.207412 [debug] [MainThread]: SQL status: SUCCESS 1 in 1.0 seconds
[0m14:43:39.209497 [debug] [MainThread]: On debug: Close
[0m14:43:39.488099 [info ] [MainThread]:   Connection test: [[32mOK connection ok[0m]

[0m14:43:39.489101 [info ] [MainThread]: [31m1 check failed:[0m
[0m14:43:39.489101 [info ] [MainThread]: Project loading failed for the following reason:
 project path <C:\Users\bensa\Desktop\dbtcourse\dbt_project.yml> not found

[0m14:43:39.491125 [debug] [MainThread]: Command `dbt debug` failed at 14:43:39.490101 after 2.08 seconds
[0m14:43:39.491125 [debug] [MainThread]: Connection 'debug' was properly closed.
[0m14:43:39.492106 [debug] [MainThread]: Sending event: {'category': 'dbt', 'action': 'invocation', 'label': 'end', 'context': [<snowplow_tracker.self_describing_json.SelfDescribingJson object at 0x0000016FBAC8B400>, <snowplow_tracker.self_describing_json.SelfDescribingJson object at 0x0000016FBDDA1B40>, <snowplow_tracker.self_describing_json.SelfDescribingJson object at 0x0000016FBDE1CAF0>]}
[0m14:43:39.492106 [debug] [MainThread]: Flushing usage events
[0m10:47:52.528154 [debug] [MainThread]: Sending event: {'category': 'dbt', 'action': 'invocation', 'label': 'start', 'context': [<snowplow_tracker.self_describing_json.SelfDescribingJson object at 0x000001F32AD1AD40>, <snowplow_tracker.self_describing_json.SelfDescribingJson object at 0x000001F32D58D7E0>, <snowplow_tracker.self_describing_json.SelfDescribingJson object at 0x000001F32D58F490>]}


============================== 10:47:52.534153 | b97a6977-e3c4-43ac-a077-0afac02aec41 ==============================
[0m10:47:52.534153 [info ] [MainThread]: Running with dbt=1.7.11
[0m10:47:52.535153 [debug] [MainThread]: running dbt with arguments {'printer_width': '80', 'indirect_selection': 'eager', 'write_json': 'True', 'log_cache_events': 'False', 'partial_parse': 'True', 'cache_selected_only': 'False', 'profiles_dir': 'C:\\Users\\bensa\\.dbt', 'fail_fast': 'False', 'version_check': 'True', 'log_path': 'logs', 'warn_error': 'None', 'debug': 'False', 'use_colors': 'True', 'use_experimental_parser': 'False', 'no_print': 'None', 'quiet': 'False', 'log_format': 'default', 'static_parser': 'True', 'introspect': 'True', 'warn_error_options': 'WarnErrorOptions(include=[], exclude=[])', 'target_path': 'None', 'invocation_command': 'dbt run -s dim_hosts_cleansed', 'send_anonymous_usage_stats': 'True'}
[0m10:47:52.535153 [error] [MainThread]: Encountered an error:
Runtime Error
  No dbt_project.yml found at expected path C:\Users\bensa\Desktop\dbtcourse\dbt_project.yml
  Verify that each entry within packages.yml (and their transitive dependencies) contains a file named dbt_project.yml
  
[0m10:47:52.536152 [debug] [MainThread]: Command `dbt run` failed at 10:47:52.536152 after 0.07 seconds
[0m10:47:52.537154 [debug] [MainThread]: Sending event: {'category': 'dbt', 'action': 'invocation', 'label': 'end', 'context': [<snowplow_tracker.self_describing_json.SelfDescribingJson object at 0x000001F32AD1AD40>, <snowplow_tracker.self_describing_json.SelfDescribingJson object at 0x000001F32D58EA70>, <snowplow_tracker.self_describing_json.SelfDescribingJson object at 0x000001F32D58CC10>]}
[0m10:47:52.538153 [debug] [MainThread]: Flushing usage events
[0m15:54:08.133322 [debug] [MainThread]: Sending event: {'category': 'dbt', 'action': 'invocation', 'label': 'start', 'context': [<snowplow_tracker.self_describing_json.SelfDescribingJson object at 0x000001EFDC5CAD40>, <snowplow_tracker.self_describing_json.SelfDescribingJson object at 0x000001EFDEE8B7C0>, <snowplow_tracker.self_describing_json.SelfDescribingJson object at 0x000001EFDEE8B5E0>]}


============================== 15:54:08.138414 | e352988e-9d3b-4ba8-af18-d64d9985be32 ==============================
[0m15:54:08.138414 [info ] [MainThread]: Running with dbt=1.7.11
[0m15:54:08.139391 [debug] [MainThread]: running dbt with arguments {'printer_width': '80', 'indirect_selection': 'eager', 'log_cache_events': 'False', 'write_json': 'True', 'partial_parse': 'True', 'cache_selected_only': 'False', 'profiles_dir': 'C:\\Users\\bensa\\.dbt', 'version_check': 'True', 'fail_fast': 'False', 'log_path': 'logs', 'debug': 'False', 'warn_error': 'None', 'use_colors': 'True', 'use_experimental_parser': 'False', 'no_print': 'None', 'quiet': 'False', 'warn_error_options': 'WarnErrorOptions(include=[], exclude=[])', 'invocation_command': 'dbt snapshot', 'static_parser': 'True', 'log_format': 'default', 'target_path': 'None', 'introspect': 'True', 'send_anonymous_usage_stats': 'True'}
[0m15:54:08.140391 [error] [MainThread]: Encountered an error:
Runtime Error
  No dbt_project.yml found at expected path C:\Users\bensa\Desktop\dbtcourse\dbt_project.yml
  Verify that each entry within packages.yml (and their transitive dependencies) contains a file named dbt_project.yml
  
[0m15:54:08.141391 [debug] [MainThread]: Command `dbt snapshot` failed at 15:54:08.141391 after 0.08 seconds
[0m15:54:08.142390 [debug] [MainThread]: Sending event: {'category': 'dbt', 'action': 'invocation', 'label': 'end', 'context': [<snowplow_tracker.self_describing_json.SelfDescribingJson object at 0x000001EFDC5CAD40>, <snowplow_tracker.self_describing_json.SelfDescribingJson object at 0x000001EFDEE8B760>, <snowplow_tracker.self_describing_json.SelfDescribingJson object at 0x000001EFDEE8B850>]}
[0m15:54:08.142390 [debug] [MainThread]: Flushing usage events
[0m18:42:09.068564 [debug] [MainThread]: Sending event: {'category': 'dbt', 'action': 'invocation', 'label': 'start', 'context': [<snowplow_tracker.self_describing_json.SelfDescribingJson object at 0x000001C1B2A89B70>, <snowplow_tracker.self_describing_json.SelfDescribingJson object at 0x000001C1B52FE350>, <snowplow_tracker.self_describing_json.SelfDescribingJson object at 0x000001C1B52FD690>]}


============================== 18:42:09.072433 | 8bfba1bb-a21e-4eb5-a6be-5ece46ec53cf ==============================
[0m18:42:09.072433 [info ] [MainThread]: Running with dbt=1.7.11
[0m18:42:09.073428 [debug] [MainThread]: running dbt with arguments {'printer_width': '80', 'indirect_selection': 'eager', 'log_cache_events': 'False', 'write_json': 'True', 'partial_parse': 'True', 'cache_selected_only': 'False', 'warn_error': 'None', 'debug': 'False', 'profiles_dir': 'C:\\Users\\bensa\\.dbt', 'log_path': 'logs', 'fail_fast': 'False', 'version_check': 'True', 'use_colors': 'True', 'use_experimental_parser': 'False', 'no_print': 'None', 'quiet': 'False', 'log_format': 'default', 'static_parser': 'True', 'introspect': 'True', 'warn_error_options': 'WarnErrorOptions(include=[], exclude=[])', 'target_path': 'None', 'invocation_command': 'dbt test -s dim_listings_w_hosts', 'send_anonymous_usage_stats': 'True'}
[0m18:42:09.074429 [error] [MainThread]: Encountered an error:
Runtime Error
  No dbt_project.yml found at expected path C:\Users\bensa\Desktop\dbtcourse\dbt_project.yml
  Verify that each entry within packages.yml (and their transitive dependencies) contains a file named dbt_project.yml
  
[0m18:42:09.076509 [debug] [MainThread]: Command `dbt test` failed at 18:42:09.076509 after 0.08 seconds
[0m18:42:09.076509 [debug] [MainThread]: Sending event: {'category': 'dbt', 'action': 'invocation', 'label': 'end', 'context': [<snowplow_tracker.self_describing_json.SelfDescribingJson object at 0x000001C1B2A89B70>, <snowplow_tracker.self_describing_json.SelfDescribingJson object at 0x000001C1B52FF820>, <snowplow_tracker.self_describing_json.SelfDescribingJson object at 0x000001C1B52FDD20>]}
[0m18:42:09.077514 [debug] [MainThread]: Flushing usage events
